MPASM 03.80 Released                                   P2.ASM   5-10-2022  12:42:31         PAGE  1


LOC  OBJECT CODE     LINE SOURCE TEXT
  VALUE

                      00001 ;Programa que lee la entrada del puerto A y lo refleja en el puerto B
                      00002 ;El programa deberá dormirse cuando los interruptores de entrada tengan la 
                      00003 ;configuración "11111".
                      00004 
                      00005         list    p=16F84A
                      00006         include <P16F84A.INC>
                      00001         LIST
                      00002 ; P16F84A.INC  Standard Header File, Version 2.00    Microchip Technology, Inc.
                      00134         LIST
                      00007 
0000                  00008         ORG     0x0000              ;El programa inicia en la dirección 0x0000 de la memoria
  0000000C            00009 NumVeces equ     0x0C                ;Variable del número A
  0000000D            00010 Contador        equ     0x0D                ;Variable del número B
0000                  00011 Inicio
0000   1683           00012         bsf     STATUS, RP0         ;Acceso al banco 1
Message[302]: Register in operand not in bank 0.  Ensure that bank bits are correct.
0001   0186           00013         clrf    TRISB               ;Las lineas del puerto B como salidas
0002   3000           00014         movlw   0x00                ;Valor para configurar los puertos (todos como salida) copiado al W
Message[302]: Register in operand not in bank 0.  Ensure that bank bits are correct.
0003   0085           00015         movwf   TRISA               ;Las 5 lineas del puerto A como entradas
0004   1283           00016         bcf     STATUS, RP0         ;Acceso al banco 0
0005                  00017 Principal 
                      00018                                     ;Establecemos el contador a 5
Warning[207]: Found label after column 1. (IniciarContador)
0005                  00019         IniciarContador
Warning[207]: Found label after column 1. (comprobarPORTA)
0005                  00020         comprobarPORTA              ;Si el estado de portaA esta a 11111 finaliza el programa
0005   0805           00021         movf    PORTA, W            ;Carga el registro de datos del Puerto A en W
0006   0086           00022         movwf   PORTB               ;El contenido de W se desposita en el Puerto B
0007   2805           00023         goto    Principal           ;Vuelve al principio
                      00024         
Error[116]  : Address label duplicated or different in second pass (IniciarContador)
0008                  00025 IniciarContador
0008   018D           00026         clrf    Contador            ;Reseteamos contador
0009   3005           00027         movlw   0x05                ;Valor para configurar el contador
000A   008D           00028         movwf   Contador            ;El contador se configura en la dirección 0x0D
Error[116]  : Address label duplicated or different in second pass (comprobarPORTA)
000B                  00029 comprobarPORTA
000B   0B8D           00030         decfsz  Contador,F          ;Decrementa el contador 
                      00031         ;btfsc   PORTA,Contador      ;Salta si el bit del contador es 1
Error[128]  : Missing argument(s)
000C   180D           00032         btfsc   Contador
000D   2805           00033         goto    comprobarPORTA      ;Vuelve a comprobar el estado de los interruptores
000E   2805           00034         goto    Principal           ;Vuelve al principio
000F                  00035 Stop        
                      00036         end                         ;Fin del programa
MPASM 03.80 Released                                   P2.ASM   5-10-2022  12:42:31         PAGE  2


SYMBOL TABLE
  LABEL                             VALUE 

C                                 00000000
Contador                          0000000D
DC                                00000001
EEADR                             00000009
EECON1                            00000088
EECON2                            00000089
EEDATA                            00000008
EEIE                              00000006
EEIF                              00000004
F                                 00000001
FSR                               00000004
GIE                               00000007
INDF                              00000000
INTCON                            0000000B
INTE                              00000004
INTEDG                            00000006
INTF                              00000001
IRP                               00000007
IniciarContador                   00000005
Inicio                            00000000
NOT_PD                            00000003
NOT_RBPU                          00000007
NOT_TO                            00000004
NumVeces                          0000000C
OPTION_REG                        00000081
PCL                               00000002
PCLATH                            0000000A
PORTA                             00000005
PORTB                             00000006
PS0                               00000000
PS1                               00000001
PS2                               00000002
PSA                               00000003
Principal                         00000005
RBIE                              00000003
RBIF                              00000000
RD                                00000000
RP0                               00000005
RP1                               00000006
STATUS                            00000003
Stop                              0000000F
T0CS                              00000005
T0IE                              00000005
T0IF                              00000002
T0SE                              00000004
TMR0                              00000001
TRISA                             00000085
TRISB                             00000086
W                                 00000000
WR                                00000001
WREN                              00000002
WRERR                             00000003
Z                                 00000002
MPASM 03.80 Released                                   P2.ASM   5-10-2022  12:42:31         PAGE  3


SYMBOL TABLE
  LABEL                             VALUE 

_CP_OFF                           00003FFF
_CP_ON                            0000000F
_HS_OSC                           00003FFE
_LP_OSC                           00003FFC
_PWRTE_OFF                        00003FFF
_PWRTE_ON                         00003FF7
_RC_OSC                           00003FFF
_WDT_OFF                          00003FFB
_WDT_ON                           00003FFF
_XT_OSC                           00003FFD
__16F84A                          00000001
comprobarPORTA                    00000005


MEMORY USAGE MAP ('X' = Used,  '-' = Unused)

0000 : XXXXXXXXXXXXXXX- ---------------- ---------------- ----------------

All other memory blocks unused.

Program Memory Words Used:    15
Program Memory Words Free:  1009


Errors   :     3
Warnings :     2 reported,     0 suppressed
Messages :     2 reported,     0 suppressed

Error[173]  : source file path exceeds 62 characters (D:\MIS_DATOS\A1_EDUCACION\B1_UNIVERSIDAD\C3_UNED\D2_CUATRIMESTRE_2\E5_SE_SISTE
                            MASEMPOTRADOS\PEC4\VICTORFAGUNDEZPOYO\PRACTICASENSAMBLADOR\P2.ASM)
